<?xml version="1.0" encoding="UTF-8"?>
<testng-results ignored="0" total="1" passed="1" failed="0" skipped="0">
  <reporter-output>
  </reporter-output>
  <suite started-at="2026-03-23T16:22:18 IST" name="Default suite" finished-at="2026-03-23T16:22:41 IST" duration-ms="23741">
    <groups>
    </groups>
    <test started-at="2026-03-23T16:22:18 IST" name="Default test" finished-at="2026-03-23T16:22:41 IST" duration-ms="23741">
      <class name="tests.QuoraSearchTest">
        <test-method is-config="true" signature="setup()[pri:0, instance:tests.QuoraSearchTest@3857f613]" started-at="2026-03-23T16:22:18 IST" name="setup" finished-at="2026-03-23T16:22:29 IST" duration-ms="11255" status="PASS">
          <reporter-output>
          </reporter-output>
        </test-method> <!-- setup -->
        <test-method signature="verifySignUpFlow()[pri:0, instance:tests.QuoraSearchTest@3857f613]" started-at="2026-03-23T16:22:29 IST" name="verifySignUpFlow" finished-at="2026-03-23T16:22:37 IST" duration-ms="8268" status="PASS">
          <reporter-output>
          </reporter-output>
        </test-method> <!-- verifySignUpFlow -->
        <test-method is-config="true" signature="tearDown()[pri:0, instance:tests.QuoraSearchTest@3857f613]" started-at="2026-03-23T16:22:37 IST" name="tearDown" finished-at="2026-03-23T16:22:41 IST" duration-ms="4162" status="PASS">
          <reporter-output>
          </reporter-output>
        </test-method> <!-- tearDown -->
      </class> <!-- tests.QuoraSearchTest -->
    </test> <!-- Default test -->
  </suite> <!-- Default suite -->
</testng-results>
